<?xml version="1.0" encoding="UTF-8"?>
<!-- Generated by org.testng.reporters.JUnitReportReporter -->
<testsuite hostname="DESKTOP-VIB6UCD" failures="0" tests="1"
	name="com.crm.practice.practice" time="0.027" errors="0"
	timestamp="2021-12-10T14:32:34 IST" skipped="0">
	<testcase classname="com.crm.practice.practice" name="demo"
		time="0.027" />
	<system-out />
</testsuite> <!-- com.crm.practice.practice -->
